[35m[Appium][39m Welcome to Appium v2.5.0
[35m[Appium][39m Non-default server args:
[35m[Appium][39m { basePath: [32m'/wd/hub'[39m, loglevel: [32m'info'[39m, port: [33m63555[39m }
[35m[Appium][39m Attempting to load driver uiautomator2...
[35m[Appium][39m Appium REST http interface listener started on http://0.0.0.0:63555/wd/hub
[35m[Appium][39m You can provide the following URLs in your client code to connect to this server:
[35m[Appium][39m 	http://192.168.50.239:63555/wd/hub
[35m[Appium][39m 	http://127.0.0.1:63555/wd/hub (only accessible from the same host)
[35m[Appium][39m Available drivers:
[35m[Appium][39m   - uiautomator2@3.0.0 (automationName 'UiAutomator2')
[35m[Appium][39m No plugins have been installed. Use the "appium plugin" command to install the one(s) you want to use.
[38;5;0m[HTTP][0m [37m-->[39m [37mGET[39m [37m/wd/hub/status[39m
[38;5;0m[HTTP][0m [90m{}[39m
[38;5;0m[HTTP][0m [37m<-- GET /wd/hub/status [39m[32m200[39m [90m6 ms - 110[39m
[38;5;0m[HTTP][0m [90m[39m
[38;5;0m[HTTP][0m [37m-->[39m [37mGET[39m [37m/wd/hub/status[39m
[38;5;0m[HTTP][0m [90m{}[39m
[38;5;0m[HTTP][0m [37m<-- GET /wd/hub/status [39m[32m200[39m [90m1 ms - 110[39m
[38;5;0m[HTTP][0m [90m[39m
[38;5;0m[HTTP][0m [37m-->[39m [37mPOST[39m [37m/wd/hub/session[39m
[38;5;0m[HTTP][0m [90m{"desiredCapabilities":{"appium:systemPort":63595,"appium:newCommandTimeout":1800,"appium:automationName":"uiautomator2","appium:fullReset":false,"appium:platformVersion":"8.0.0","appium:noReset":true,"appium:udid":"emulator-5554","appium:autoGrantPermissions":true,"appium:platformName":"ANDROID","appium:deviceName":"emulator-5554 (Android SDK built for x86 - Android 8.0.0)","platformName":"Android","appium:app":"C:\\Main Storage\\Downloads\\Advantage+demo+3.2.apk"},"capabilities":{"firstMatch":[{"appium:app":"C:\\Main Storage\\Downloads\\Advantage+demo+3.2.apk","appium:autoGrantPermissions":true,"appium:automationName":"uiautomator2","appium:deviceName":"emulator-5554 (Android SDK built for x86 - Android 8.0.0)","appium:fullReset":false,"appium:newCommandTimeout":1800,"appium:noReset":true,"appium:platformName":"ANDROID","appium:platformVersion":"8.0.0","appium:systemPort":63595,"appium:udid":"emulator-5554","platformName":"android"}]}}[39m
[38;5;32m[BaseDriver][0m Ignoring capability 'appium:platformName=ANDROID' and using capability 'platformName=android'
[38;5;32m[BaseDriver][0m The capabilities ["platformName"] are standard capabilities and do not require "appium:" prefix
[35m[Appium][39m Attempting to find matching driver for automationName 'uiautomator2' and platformName 'android'
[35m[Appium][39m The 'uiautomator2' driver was installed and matched caps.
[35m[Appium][39m Will require it at C:\Users\aziz_\.appium\node_modules\appium-uiautomator2-driver
[38;5;16m[AppiumDriver@e0ca][0m Appium v2.5.0 creating new AndroidUiautomator2Driver (v3.0.0) session
[38;5;16m[AppiumDriver@e0ca][0m Checking BaseDriver versions for Appium and AndroidUiautomator2Driver
[38;5;16m[AppiumDriver@e0ca][0m Appium's BaseDriver version is 9.5.1
[38;5;16m[AppiumDriver@e0ca][0m AndroidUiautomator2Driver's BaseDriver version is 9.5.1
[38;5;48m[AndroidUiautomator2Driver@8a4b (0017b20a)][0m Session created with session id: 0017b20a-a988-49eb-93d0-ad9e519fd043
[38;5;64m[ADB][0m Found 1 'build-tools' folders under 'C:\Users\aziz_\.katalon\tools\android_sdk' (newest first):
[38;5;64m[ADB][0m     C:\Users\aziz_\.katalon\tools\android_sdk\build-tools\29.0.3
[38;5;64m[ADB][0m Using 'adb.exe' from 'C:\Users\aziz_\.katalon\tools\android_sdk\platform-tools\adb.exe'
[38;5;48m[AndroidUiautomator2Driver@8a4b (0017b20a)][0m Retrieving device list
[38;5;48m[AndroidUiautomator2Driver@8a4b (0017b20a)][0m Using device: emulator-5554
[38;5;64m[ADB][0m Using 'adb.exe' from 'C:\Users\aziz_\.katalon\tools\android_sdk\platform-tools\adb.exe'
[38;5;32m[BaseDriver][0m Using local app 'C:\Main Storage\Downloads\Advantage+demo+3.2.apk'
[38;5;64m[ADB][0m Package name: 'com.Advantage.aShopping'
[38;5;64m[ADB][0m Main activity name: 'com.Advantage.aShopping.SplashActivity'
[38;5;64m[ADB][0m Using 'apksigner.jar' from 'C:\Users\aziz_\.katalon\tools\android_sdk\build-tools\29.0.3\lib\apksigner.jar'
[38;5;64m[ADB][0m 'C:\Users\aziz_\.appium\node_modules\appium-uiautomator2-driver\node_modules\appium-uiautomator2-server\apks\appium-uiautomator2-server-debug-androidTest.apk' is signed with the default certificate
[38;5;64m[ADB][0m 'C:\Main Storage\Downloads\Advantage+demo+3.2.apk' is signed with a non-default certificate
[38;5;64m[ADB][0m The application at 'C:\Main Storage\Downloads\Advantage+demo+3.2.apk' will not be cached, because the device under test has confirmed the support of streamed installs
[38;5;64m[ADB][0m 'C:\Users\aziz_\.appium\node_modules\appium-uiautomator2-driver\node_modules\appium-uiautomator2-server\apks\appium-uiautomator2-server-v7.0.0.apk' is signed with the default certificate
[38;5;48m[AndroidUiautomator2Driver@8a4b (0017b20a)][0m Server packages are not going to be (re)installed
[38;5;64m[ADB][0m Adding packages ["io.appium.settings","io.appium.uiautomator2.server","io.appium.uiautomator2.server.test"] to Doze whitelist
[38;5;64m[ADB][0m The installation of 'Advantage+demo+3.2.apk' took 1940ms
[38;5;48m[AndroidUiautomator2Driver@8a4b (0017b20a)][0m Starting UIAutomator2 server 7.0.0
[38;5;48m[AndroidUiautomator2Driver@8a4b (0017b20a)][0m Using UIAutomator2 server from 'C:\Users\aziz_\.appium\node_modules\appium-uiautomator2-driver\node_modules\appium-uiautomator2-server\apks\appium-uiautomator2-server-v7.0.0.apk' and test from 'C:\Users\aziz_\.appium\node_modules\appium-uiautomator2-driver\node_modules\appium-uiautomator2-server\apks\appium-uiautomator2-server-debug-androidTest.apk'
[38;5;48m[AndroidUiautomator2Driver@8a4b (0017b20a)][0m Waiting up to 30000ms for UiAutomator2 to be online...
[38;5;48m[AndroidUiautomator2Driver@8a4b (0017b20a)][0m socket hang up
[38;5;48m[AndroidUiautomator2Driver@8a4b (0017b20a)][0m socket hang up
[38;5;48m[AndroidUiautomator2Driver@8a4b (0017b20a)][0m socket hang up
[38;5;48m[AndroidUiautomator2Driver@8a4b (0017b20a)][0m Determined the downstream protocol as 'W3C'
[38;5;48m[AndroidUiautomator2Driver@8a4b (0017b20a)][0m Screen already unlocked, doing nothing
[38;5;48m[AndroidUiautomator2Driver@8a4b (0017b20a)][0m Starting 'com.Advantage.aShopping/com.Advantage.aShopping.SplashActivity and waiting for 'com.Advantage.aShopping/com.Advantage.aShopping.SplashActivity'
[38;5;16m[AppiumDriver@e0ca][0m New AndroidUiautomator2Driver session created successfully, session 0017b20a-a988-49eb-93d0-ad9e519fd043 added to master session list
[38;5;0m[HTTP][0m [37m<-- POST /wd/hub/session [39m[32m200[39m [90m8812 ms - 1247[39m
[38;5;0m[HTTP][0m [90m[39m
[38;5;0m[HTTP][0m [37m-->[39m [37mGET[39m [37m/wd/hub/session/0017b20a-a988-49eb-93d0-ad9e519fd043[39m
[38;5;0m[HTTP][0m [90m{}[39m
[38;5;0m[HTTP][0m [37m<-- GET /wd/hub/session/0017b20a-a988-49eb-93d0-ad9e519fd043 [39m[32m200[39m [90m28 ms - 377[39m
[38;5;0m[HTTP][0m [90m[39m
[38;5;0m[HTTP][0m [37m-->[39m [37mGET[39m [37m/wd/hub/session/0017b20a-a988-49eb-93d0-ad9e519fd043[39m
[38;5;0m[HTTP][0m [90m{}[39m
[38;5;0m[HTTP][0m [37m<-- GET /wd/hub/session/0017b20a-a988-49eb-93d0-ad9e519fd043 [39m[32m200[39m [90m22 ms - 377[39m
[38;5;0m[HTTP][0m [90m[39m
[38;5;0m[HTTP][0m [37m-->[39m [37mGET[39m [37m/wd/hub/status[39m
[38;5;0m[HTTP][0m [90m{}[39m
[38;5;0m[HTTP][0m [37m<-- GET /wd/hub/status [39m[32m200[39m [90m2 ms - 110[39m
[38;5;0m[HTTP][0m [90m[39m
[38;5;0m[HTTP][0m [37m-->[39m [37mPOST[39m [37m/wd/hub/session/0017b20a-a988-49eb-93d0-ad9e519fd043/timeouts[39m
[38;5;0m[HTTP][0m [90m{"implicit":60000}[39m
[38;5;0m[HTTP][0m [37m<-- POST /wd/hub/session/0017b20a-a988-49eb-93d0-ad9e519fd043/timeouts [39m[32m200[39m [90m5 ms - 14[39m
[38;5;0m[HTTP][0m [90m[39m
[38;5;0m[HTTP][0m [37m-->[39m [37mGET[39m [37m/wd/hub/session/0017b20a-a988-49eb-93d0-ad9e519fd043/source[39m
[38;5;0m[HTTP][0m [90m{}[39m
[38;5;48m[AndroidUiautomator2Driver@8a4b (0017b20a)][0m Driver proxy active, passing request on via HTTP proxy
[38;5;48m[AndroidUiautomator2Driver@8a4b (0017b20a)][0m Replacing sessionId daf2990f-7668-4e70-b0dd-585b89361d6a with 0017b20a-a988-49eb-93d0-ad9e519fd043
[38;5;0m[HTTP][0m [37m<-- GET /wd/hub/session/0017b20a-a988-49eb-93d0-ad9e519fd043/source [39m[32m200[39m [90m735 ms - 5500[39m
[38;5;0m[HTTP][0m [90m[39m
[38;5;0m[HTTP][0m [37m-->[39m [37mGET[39m [37m/wd/hub/session/0017b20a-a988-49eb-93d0-ad9e519fd043/screenshot[39m
[38;5;0m[HTTP][0m [90m{}[39m
[38;5;0m[HTTP][0m [37m<-- GET /wd/hub/session/0017b20a-a988-49eb-93d0-ad9e519fd043/screenshot [39m[32m200[39m [90m1425 ms - 2722124[39m
[38;5;0m[HTTP][0m [90m[39m
[38;5;0m[HTTP][0m [37m-->[39m [37mGET[39m [37m/wd/hub/session/0017b20a-a988-49eb-93d0-ad9e519fd043/source[39m
[38;5;0m[HTTP][0m [90m{}[39m
[38;5;48m[AndroidUiautomator2Driver@8a4b (0017b20a)][0m Driver proxy active, passing request on via HTTP proxy
[38;5;48m[AndroidUiautomator2Driver@8a4b (0017b20a)][0m Replacing sessionId daf2990f-7668-4e70-b0dd-585b89361d6a with 0017b20a-a988-49eb-93d0-ad9e519fd043
[38;5;0m[HTTP][0m [37m<-- GET /wd/hub/session/0017b20a-a988-49eb-93d0-ad9e519fd043/source [39m[32m200[39m [90m129 ms - 15140[39m
[38;5;0m[HTTP][0m [90m[39m
[38;5;0m[HTTP][0m [37m-->[39m [37mGET[39m [37m/wd/hub/session/0017b20a-a988-49eb-93d0-ad9e519fd043/screenshot[39m
[38;5;0m[HTTP][0m [90m{}[39m
[38;5;0m[HTTP][0m [37m<-- GET /wd/hub/session/0017b20a-a988-49eb-93d0-ad9e519fd043/screenshot [39m[32m200[39m [90m1010 ms - 2088312[39m
[38;5;0m[HTTP][0m [90m[39m
[38;5;0m[HTTP][0m [37m-->[39m [37mPOST[39m [37m/wd/hub/session/0017b20a-a988-49eb-93d0-ad9e519fd043/elements[39m
[38;5;0m[HTTP][0m [90m{"using":"xpath","value":"//*[@class = 'android.widget.EditText' and (@text = 'Search' or . = 'Search') and @resource-id = 'com.Advantage.aShopping:id/editTextSearch']"}[39m
[38;5;0m[HTTP][0m [37m<-- POST /wd/hub/session/0017b20a-a988-49eb-93d0-ad9e519fd043/elements [39m[32m200[39m [90m419 ms - 139[39m
[38;5;0m[HTTP][0m [90m[39m
[38;5;0m[HTTP][0m [37m-->[39m [37mGET[39m [37m/wd/hub/session/0017b20a-a988-49eb-93d0-ad9e519fd043/window/rect[39m
[38;5;0m[HTTP][0m [90m{}[39m
[38;5;0m[HTTP][0m [37m<-- GET /wd/hub/session/0017b20a-a988-49eb-93d0-ad9e519fd043/window/rect [39m[32m200[39m [90m22 ms - 50[39m
[38;5;0m[HTTP][0m [90m[39m
[38;5;0m[HTTP][0m [37m-->[39m [37mPOST[39m [37m/wd/hub/session/0017b20a-a988-49eb-93d0-ad9e519fd043/elements[39m
[38;5;0m[HTTP][0m [90m{"using":"xpath","value":"//*[@class = 'android.widget.EditText' and (@text = 'Search' or . = 'Search') and @resource-id = 'com.Advantage.aShopping:id/editTextSearch']"}[39m
[38;5;0m[HTTP][0m [37m<-- POST /wd/hub/session/0017b20a-a988-49eb-93d0-ad9e519fd043/elements [39m[32m200[39m [90m123 ms - 139[39m
[38;5;0m[HTTP][0m [90m[39m
[38;5;0m[HTTP][0m [37m-->[39m [37mGET[39m [37m/wd/hub/session/0017b20a-a988-49eb-93d0-ad9e519fd043/element/00000000-0000-01f1-ffff-ffff0000002f/location[39m
[38;5;0m[HTTP][0m [90m{}[39m
[38;5;48m[AndroidUiautomator2Driver@8a4b (0017b20a)][0m Driver proxy active, passing request on via HTTP proxy
[38;5;48m[AndroidUiautomator2Driver@8a4b (0017b20a)][0m Replacing sessionId daf2990f-7668-4e70-b0dd-585b89361d6a with 0017b20a-a988-49eb-93d0-ad9e519fd043
[38;5;0m[HTTP][0m [37m<-- GET /wd/hub/session/0017b20a-a988-49eb-93d0-ad9e519fd043/element/00000000-0000-01f1-ffff-ffff0000002f/location [39m[32m200[39m [90m28 ms - 76[39m
[38;5;0m[HTTP][0m [90m[39m
[38;5;0m[HTTP][0m [37m-->[39m [37mPOST[39m [37m/wd/hub/session/0017b20a-a988-49eb-93d0-ad9e519fd043/element/00000000-0000-01f1-ffff-ffff0000002f/clear[39m
[38;5;0m[HTTP][0m [90m{"id":"00000000-0000-01f1-ffff-ffff0000002f"}[39m
[38;5;0m[HTTP][0m [37m<-- POST /wd/hub/session/0017b20a-a988-49eb-93d0-ad9e519fd043/element/00000000-0000-01f1-ffff-ffff0000002f/clear [39m[32m200[39m [90m27 ms - 14[39m
[38;5;0m[HTTP][0m [90m[39m
[38;5;0m[HTTP][0m [37m-->[39m [37mPOST[39m [37m/wd/hub/session/0017b20a-a988-49eb-93d0-ad9e519fd043/element/00000000-0000-01f1-ffff-ffff0000002f/click[39m
[38;5;0m[HTTP][0m [90m{"id":"00000000-0000-01f1-ffff-ffff0000002f"}[39m
[38;5;0m[HTTP][0m [37m<-- POST /wd/hub/session/0017b20a-a988-49eb-93d0-ad9e519fd043/element/00000000-0000-01f1-ffff-ffff0000002f/click [39m[32m200[39m [90m514 ms - 14[39m
[38;5;0m[HTTP][0m [90m[39m
[38;5;0m[HTTP][0m [37m-->[39m [37mPOST[39m [37m/wd/hub/session/0017b20a-a988-49eb-93d0-ad9e519fd043/element/00000000-0000-01f1-ffff-ffff0000002f/value[39m
[38;5;0m[HTTP][0m [90m{"id":"00000000-0000-01f1-ffff-ffff0000002f","text":"Apple","value":["A","p","p","l","e"]}[39m
[38;5;0m[HTTP][0m [37m<-- POST /wd/hub/session/0017b20a-a988-49eb-93d0-ad9e519fd043/element/00000000-0000-01f1-ffff-ffff0000002f/value [39m[32m200[39m [90m1770 ms - 14[39m
[38;5;0m[HTTP][0m [90m[39m
[38;5;0m[HTTP][0m [37m-->[39m [37mGET[39m [37m/wd/hub/session/0017b20a-a988-49eb-93d0-ad9e519fd043/source[39m
[38;5;0m[HTTP][0m [90m{}[39m
[38;5;48m[AndroidUiautomator2Driver@8a4b (0017b20a)][0m Driver proxy active, passing request on via HTTP proxy
[38;5;48m[AndroidUiautomator2Driver@8a4b (0017b20a)][0m Replacing sessionId daf2990f-7668-4e70-b0dd-585b89361d6a with 0017b20a-a988-49eb-93d0-ad9e519fd043
[38;5;0m[HTTP][0m [37m<-- GET /wd/hub/session/0017b20a-a988-49eb-93d0-ad9e519fd043/source [39m[32m200[39m [90m119 ms - 12846[39m
[38;5;0m[HTTP][0m [90m[39m
[38;5;0m[HTTP][0m [37m-->[39m [37mGET[39m [37m/wd/hub/session/0017b20a-a988-49eb-93d0-ad9e519fd043/screenshot[39m
[38;5;0m[HTTP][0m [90m{}[39m
[38;5;0m[HTTP][0m [37m<-- GET /wd/hub/session/0017b20a-a988-49eb-93d0-ad9e519fd043/screenshot [39m[32m200[39m [90m818 ms - 1400748[39m
[38;5;0m[HTTP][0m [90m[39m
[38;5;0m[HTTP][0m [37m-->[39m [37mPOST[39m [37m/wd/hub/session/0017b20a-a988-49eb-93d0-ad9e519fd043/elements[39m
[38;5;0m[HTTP][0m [90m{"using":"xpath","value":"//*[@class = 'android.widget.ImageView' and @resource-id = 'com.Advantage.aShopping:id/imageViewSearch' and (@text = '' or . = '')]"}[39m
[38;5;0m[HTTP][0m [37m<-- POST /wd/hub/session/0017b20a-a988-49eb-93d0-ad9e519fd043/elements [39m[32m200[39m [90m91 ms - 139[39m
[38;5;0m[HTTP][0m [90m[39m
[38;5;0m[HTTP][0m [37m-->[39m [37mGET[39m [37m/wd/hub/session/0017b20a-a988-49eb-93d0-ad9e519fd043/window/rect[39m
[38;5;0m[HTTP][0m [90m{}[39m
[38;5;0m[HTTP][0m [37m<-- GET /wd/hub/session/0017b20a-a988-49eb-93d0-ad9e519fd043/window/rect [39m[32m200[39m [90m30 ms - 50[39m
[38;5;0m[HTTP][0m [90m[39m
[38;5;0m[HTTP][0m [37m-->[39m [37mPOST[39m [37m/wd/hub/session/0017b20a-a988-49eb-93d0-ad9e519fd043/elements[39m
[38;5;0m[HTTP][0m [90m{"using":"xpath","value":"//*[@class = 'android.widget.ImageView' and @resource-id = 'com.Advantage.aShopping:id/imageViewSearch' and (@text = '' or . = '')]"}[39m
[38;5;0m[HTTP][0m [37m<-- POST /wd/hub/session/0017b20a-a988-49eb-93d0-ad9e519fd043/elements [39m[32m200[39m [90m64 ms - 139[39m
[38;5;0m[HTTP][0m [90m[39m
[38;5;0m[HTTP][0m [37m-->[39m [37mGET[39m [37m/wd/hub/session/0017b20a-a988-49eb-93d0-ad9e519fd043/element/00000000-0000-01f1-ffff-ffff00000030/location[39m
[38;5;0m[HTTP][0m [90m{}[39m
[38;5;48m[AndroidUiautomator2Driver@8a4b (0017b20a)][0m Driver proxy active, passing request on via HTTP proxy
[38;5;48m[AndroidUiautomator2Driver@8a4b (0017b20a)][0m Replacing sessionId daf2990f-7668-4e70-b0dd-585b89361d6a with 0017b20a-a988-49eb-93d0-ad9e519fd043
[38;5;0m[HTTP][0m [37m<-- GET /wd/hub/session/0017b20a-a988-49eb-93d0-ad9e519fd043/element/00000000-0000-01f1-ffff-ffff00000030/location [39m[32m200[39m [90m19 ms - 78[39m
[38;5;0m[HTTP][0m [90m[39m
[38;5;0m[HTTP][0m [37m-->[39m [37mPOST[39m [37m/wd/hub/session/0017b20a-a988-49eb-93d0-ad9e519fd043/element/00000000-0000-01f1-ffff-ffff00000030/click[39m
[38;5;0m[HTTP][0m [90m{"id":"00000000-0000-01f1-ffff-ffff00000030"}[39m
[38;5;0m[HTTP][0m [37m<-- POST /wd/hub/session/0017b20a-a988-49eb-93d0-ad9e519fd043/element/00000000-0000-01f1-ffff-ffff00000030/click [39m[32m200[39m [90m36 ms - 14[39m
[38;5;0m[HTTP][0m [90m[39m
[38;5;0m[HTTP][0m [37m-->[39m [37mGET[39m [37m/wd/hub/session/0017b20a-a988-49eb-93d0-ad9e519fd043/source[39m
[38;5;0m[HTTP][0m [90m{}[39m
[38;5;48m[AndroidUiautomator2Driver@8a4b (0017b20a)][0m Driver proxy active, passing request on via HTTP proxy
[38;5;48m[AndroidUiautomator2Driver@8a4b (0017b20a)][0m Replacing sessionId daf2990f-7668-4e70-b0dd-585b89361d6a with 0017b20a-a988-49eb-93d0-ad9e519fd043
[38;5;0m[HTTP][0m [37m<-- GET /wd/hub/session/0017b20a-a988-49eb-93d0-ad9e519fd043/source [39m[32m200[39m [90m142 ms - 9561[39m
[38;5;0m[HTTP][0m [90m[39m
[38;5;0m[HTTP][0m [37m-->[39m [37mGET[39m [37m/wd/hub/session/0017b20a-a988-49eb-93d0-ad9e519fd043/screenshot[39m
[38;5;0m[HTTP][0m [90m{}[39m
[38;5;0m[HTTP][0m [37m<-- GET /wd/hub/session/0017b20a-a988-49eb-93d0-ad9e519fd043/screenshot [39m[32m200[39m [90m266 ms - 130024[39m
[38;5;0m[HTTP][0m [90m[39m
[38;5;0m[HTTP][0m [37m-->[39m [37mGET[39m [37m/wd/hub/session/0017b20a-a988-49eb-93d0-ad9e519fd043/source[39m
[38;5;0m[HTTP][0m [90m{}[39m
[38;5;48m[AndroidUiautomator2Driver@8a4b (0017b20a)][0m Driver proxy active, passing request on via HTTP proxy
[38;5;48m[AndroidUiautomator2Driver@8a4b (0017b20a)][0m Replacing sessionId daf2990f-7668-4e70-b0dd-585b89361d6a with 0017b20a-a988-49eb-93d0-ad9e519fd043
[38;5;0m[HTTP][0m [37m<-- GET /wd/hub/session/0017b20a-a988-49eb-93d0-ad9e519fd043/source [39m[32m200[39m [90m66 ms - 9137[39m
[38;5;0m[HTTP][0m [90m[39m
[38;5;0m[HTTP][0m [37m-->[39m [37mGET[39m [37m/wd/hub/session/0017b20a-a988-49eb-93d0-ad9e519fd043/screenshot[39m
[38;5;0m[HTTP][0m [90m{}[39m
[38;5;0m[HTTP][0m [37m<-- GET /wd/hub/session/0017b20a-a988-49eb-93d0-ad9e519fd043/screenshot [39m[32m200[39m [90m230 ms - 76272[39m
[38;5;0m[HTTP][0m [90m[39m
[38;5;0m[HTTP][0m [37m-->[39m [37mPOST[39m [37m/wd/hub/session/0017b20a-a988-49eb-93d0-ad9e519fd043/elements[39m
[38;5;0m[HTTP][0m [90m{"using":"xpath","value":"//*[@class = 'android.widget.TextView' and (@text = '- No results for \"Apple\" -' or . = '- No results for \"Apple\" -') and @resource-id = 'com.Advantage.aShopping:id/textViewNoProductsToShow']"}[39m
[38;5;0m[HTTP][0m [37m<-- POST /wd/hub/session/0017b20a-a988-49eb-93d0-ad9e519fd043/elements [39m[32m200[39m [90m82 ms - 139[39m
[38;5;0m[HTTP][0m [90m[39m
[38;5;0m[HTTP][0m [37m-->[39m [37mPOST[39m [37m/wd/hub/session/0017b20a-a988-49eb-93d0-ad9e519fd043/elements[39m
[38;5;0m[HTTP][0m [90m{"using":"xpath","value":"//*[@class = 'android.widget.TextView' and (@text = '- No results for \"Apple\" -' or . = '- No results for \"Apple\" -') and @resource-id = 'com.Advantage.aShopping:id/textViewNoProductsToShow']"}[39m
[38;5;0m[HTTP][0m [37m<-- POST /wd/hub/session/0017b20a-a988-49eb-93d0-ad9e519fd043/elements [39m[32m200[39m [90m71 ms - 139[39m
[38;5;0m[HTTP][0m [90m[39m
[38;5;0m[HTTP][0m [37m-->[39m [37mGET[39m [37m/wd/hub/session/0017b20a-a988-49eb-93d0-ad9e519fd043/window/rect[39m
[38;5;0m[HTTP][0m [90m{}[39m
[38;5;0m[HTTP][0m [37m<-- GET /wd/hub/session/0017b20a-a988-49eb-93d0-ad9e519fd043/window/rect [39m[32m200[39m [90m12 ms - 50[39m
[38;5;0m[HTTP][0m [90m[39m
[38;5;0m[HTTP][0m [37m-->[39m [37mPOST[39m [37m/wd/hub/session/0017b20a-a988-49eb-93d0-ad9e519fd043/elements[39m
[38;5;0m[HTTP][0m [90m{"using":"xpath","value":"//*[@class = 'android.widget.TextView' and (@text = '- No results for \"Apple\" -' or . = '- No results for \"Apple\" -') and @resource-id = 'com.Advantage.aShopping:id/textViewNoProductsToShow']"}[39m
[38;5;0m[HTTP][0m [37m<-- POST /wd/hub/session/0017b20a-a988-49eb-93d0-ad9e519fd043/elements [39m[32m200[39m [90m51 ms - 139[39m
[38;5;0m[HTTP][0m [90m[39m
[38;5;0m[HTTP][0m [37m-->[39m [37mGET[39m [37m/wd/hub/session/0017b20a-a988-49eb-93d0-ad9e519fd043/element/00000000-0000-01f1-ffff-ffff00000045/location[39m
[38;5;0m[HTTP][0m [90m{}[39m
[38;5;48m[AndroidUiautomator2Driver@8a4b (0017b20a)][0m Driver proxy active, passing request on via HTTP proxy
[38;5;48m[AndroidUiautomator2Driver@8a4b (0017b20a)][0m Replacing sessionId daf2990f-7668-4e70-b0dd-585b89361d6a with 0017b20a-a988-49eb-93d0-ad9e519fd043
[38;5;0m[HTTP][0m [37m<-- GET /wd/hub/session/0017b20a-a988-49eb-93d0-ad9e519fd043/element/00000000-0000-01f1-ffff-ffff00000045/location [39m[32m200[39m [90m13 ms - 76[39m
[38;5;0m[HTTP][0m [90m[39m
[38;5;0m[HTTP][0m [37m-->[39m [37mGET[39m [37m/wd/hub/session/0017b20a-a988-49eb-93d0-ad9e519fd043/element/00000000-0000-01f1-ffff-ffff00000045/text[39m
[38;5;0m[HTTP][0m [90m{}[39m
[38;5;48m[AndroidUiautomator2Driver@8a4b (0017b20a)][0m Driver proxy active, passing request on via HTTP proxy
[38;5;48m[AndroidUiautomator2Driver@8a4b (0017b20a)][0m Replacing sessionId daf2990f-7668-4e70-b0dd-585b89361d6a with 0017b20a-a988-49eb-93d0-ad9e519fd043
[38;5;0m[HTTP][0m [37m<-- GET /wd/hub/session/0017b20a-a988-49eb-93d0-ad9e519fd043/element/00000000-0000-01f1-ffff-ffff00000045/text [39m[32m200[39m [90m12 ms - 91[39m
[38;5;0m[HTTP][0m [90m[39m
[38;5;0m[HTTP][0m [37m-->[39m [37mGET[39m [37m/wd/hub/session/0017b20a-a988-49eb-93d0-ad9e519fd043/source[39m
[38;5;0m[HTTP][0m [90m{}[39m
[38;5;48m[AndroidUiautomator2Driver@8a4b (0017b20a)][0m Driver proxy active, passing request on via HTTP proxy
[38;5;48m[AndroidUiautomator2Driver@8a4b (0017b20a)][0m Replacing sessionId daf2990f-7668-4e70-b0dd-585b89361d6a with 0017b20a-a988-49eb-93d0-ad9e519fd043
[38;5;0m[HTTP][0m [37m<-- GET /wd/hub/session/0017b20a-a988-49eb-93d0-ad9e519fd043/source [39m[32m200[39m [90m56 ms - 9137[39m
[38;5;0m[HTTP][0m [90m[39m
[38;5;0m[HTTP][0m [37m-->[39m [37mGET[39m [37m/wd/hub/session/0017b20a-a988-49eb-93d0-ad9e519fd043/screenshot[39m
[38;5;0m[HTTP][0m [90m{}[39m
[38;5;0m[HTTP][0m [37m<-- GET /wd/hub/session/0017b20a-a988-49eb-93d0-ad9e519fd043/screenshot [39m[32m200[39m [90m190 ms - 76272[39m
[38;5;0m[HTTP][0m [90m[39m
[38;5;0m[HTTP][0m [37m-->[39m [37mDELETE[39m [37m/wd/hub/session/0017b20a-a988-49eb-93d0-ad9e519fd043[39m
[38;5;0m[HTTP][0m [90m{}[39m
[38;5;16m[AppiumDriver@e0ca][0m Removing session 0017b20a-a988-49eb-93d0-ad9e519fd043 from our master session list
[38;5;0m[HTTP][0m [37m<-- DELETE /wd/hub/session/0017b20a-a988-49eb-93d0-ad9e519fd043 [39m[32m200[39m [90m65 ms - 14[39m
[38;5;0m[HTTP][0m [90m[39m
